Starting Emulator (Pixel_Light)...
INFO         | Android emulator version 36.3.10.0 (build_id 14472402) (CL:N/A)
INFO         | Graphics backend: gfxstream
INFO         | Found systemPath /opt/homebrew/share/android-commandlinetools/system-images/android-34/google_apis/arm64-v8a/
INFO         | Increasing RAM size to 2048MB
INFO         | Guest GLES Driver: Auto (ext controls)
library_mode host gpu mode host
INFO         | Checking system compatibility:
INFO         |   Checking: hasSufficientDiskSpace
INFO         |      Ok: Disk space requirements to run avd: `Pixel_Light` are met
INFO         |   Checking: hasSufficientHwGpu
INFO         |      Ok: Hardware GPU requirements to run avd: `Pixel_Light` are passed
INFO         |   Checking: hasSufficientSystem
INFO         |      Ok: System requirements to run avd: `Pixel_Light` are met
WARNING      | Another emulator is still running, wait for a sec...
INFO         | Storing crashdata in: /tmp/android-bhuvan/emu-crash-36.3.10.db, detection is enabled for process: 15402
INFO         | Initializing gfxstream backend
INFO         | android_startOpenglesRenderer: gpu info
INFO         | 
INFO         | initIcdPaths: ICD set to 'swiftshader', using Swiftshader ICD
INFO         | Setting ICD filenames for the loader = /opt/homebrew/share/android-commandlinetools/emulator/lib64/vulkan/vk_swiftshader_icd.json
INFO         | SharedLibrary::open for [/opt/homebrew/share/android-commandlinetools/emulator/qemu/darwin-aarch64/lib64/vulkan/libvulkan.dylib]
INFO         | SharedLibrary::open for [/opt/homebrew/share/android-commandlinetools/emulator/qemu/darwin-aarch64/lib64/vulkan/libvulkan.dylib]: not found in map, open for the first time
INFO         | SharedLibrary::open for [/opt/homebrew/share/android-commandlinetools/emulator/qemu/darwin-aarch64/lib64/vulkan/libvulkan.dylib] (posix): begin
INFO         | SharedLibrary::open for [/opt/homebrew/share/android-commandlinetools/emulator/qemu/darwin-aarch64/lib64/vulkan/libvulkan.dylib] (posix,darwin): call dlopen
INFO         | SharedLibrary::open succeeded for [/opt/homebrew/share/android-commandlinetools/emulator/qemu/darwin-aarch64/lib64/vulkan/libvulkan.dylib].
INFO         | Added library: /opt/homebrew/share/android-commandlinetools/emulator/qemu/darwin-aarch64/lib64/vulkan/libvulkan.dylib
INFO         | Selecting Vulkan device: SwiftShader Device (LLVM 10.0.0), Version: 1.3.0
INFO         | Disabling sparse binding feature support
INFO         | SharedLibrary::open for [/System/Library/Frameworks/OpenGL.framework/OpenGL]: not found in map, open for the first time
INFO         | SharedLibrary::open for [/System/Library/Frameworks/OpenGL.framework/OpenGL] (posix): begin
INFO         | SharedLibrary::open for [/System/Library/Frameworks/OpenGL.framework/OpenGL] (posix,darwin): call dlopen
INFO         | SharedLibrary::open succeeded for [/System/Library/Frameworks/OpenGL.framework/OpenGL].
INFO         | SharedLibrary::open for [libshadertranslator.dylib]: not found in map, open for the first time
INFO         | SharedLibrary::open for [libshadertranslator.dylib] (posix): begin
INFO         | SharedLibrary::open for [libshadertranslator.dylib] (posix,darwin): call dlopen
INFO         | SharedLibrary::open succeeded for [libshadertranslator.dylib].
INFO         | Initializing VkEmulation features:
INFO         |     glInteropSupported: false
INFO         |     useDeferredCommands: true
INFO         |     createResourceWithRequirements: true
INFO         |     useVulkanComposition: false
INFO         |     useVulkanNativeSwapchain: false
INFO         |     enable guestRenderDoc: false
INFO         |     ASTC LDR emulation mode: Gpu
INFO         |     enable ETC2 emulation: true
INFO         |     enable Ycbcr emulation: false
INFO         |     guestVulkanOnly: false
INFO         |     useDedicatedAllocations: false
INFO         | Graphics Adapter Vendor Google (Apple)
INFO         | Graphics Adapter Android Emulator OpenGL ES Translator (Apple M3 Pro)
INFO         | Graphics API Version OpenGL ES 3.0 (4.1 Metal - 88.1)
INFO         | Graphics API Extensions GL_OES_EGL_sync GL_OES_EGL_image GL_OES_EGL_image_external GL_OES_depth24 GL_OES_depth32 GL_OES_element_index_uint GL_OES_texture_float GL_OES_texture_float_linear GL_OES_compressed_paletted_texture GL_OES_compressed_ETC1_RGB8_texture GL_OES_depth_texture GL_OES_texture_npot GL_OES_rgb8_rgba8 GL_EXT_color_buffer_float GL_EXT_color_buffer_half_float GL_EXT_texture_format_BGRA8888 GL_APPLE_texture_format_BGRA8888 
INFO         | Graphics Device Extensions N/A
INFO         | Sending adb public key [QAAAACV40n1THHMroVp5gY5EcmXbPfiQBvDZ0/B8nu+UlsfMSSuMTtlSslijGx4QRfssQUJ6NETEqly3M853R46OkXx4gW2X8Ol1zj3sK4OwMM/lqd63aZ1PHsfFiquI3tfl52byPzX0+/zBenQR/BZI8RosrRfdqLGxfvRMXrdS8EblPDdwHnAev74hwAQ+Ewg7V1+5SC1/+vEqCYccwwt9qSotfmSV2Rpu8YtywNp+gx6MPKkd6wc1KU+tGje7g1LsJ0nNFAbk0brAVl5wIL9DuerudxUrpzVxaiwHFuR35tE0Iz8NBl+OxfPQ1F3p/I/q/qoCiygKWsh0C9z5WgRkvZxXifuv31h60MpW9+FH9L1uHNpyOOMUpSJywcn+81f1t10QibSFfkNfT9cYxxAQGI0Lg5tdYswQxB8H9vFs9he3AhHhPx0TpAiRXeXZBHUa82aa/B/orbl31ZVjLxYC/ibpx6GH0YWrJL3oxlI8i5wDgeorVk+BZUW5j8eNn51oLkmwWczL1w7oJ5Whps1uNRh1I4GbWP2oCth/ji7pVmG/OBUFDkcp1wo1ctOlcgFW+bQxWaV6+/pUJbEIQit3pvAZKiE/DqZfJ91cnQBgz7sHN/jjYQQBDHi5XBsnKQz8EC4lzN7AvuzAEwLDIOoRXcZDpJeHlrI0qaHqp/KpW3/iJqrIggEAAQA= bhuvan@unknown]
INFO         | Userspace boot properties:
INFO         |   androidboot.boot_devices=a003600.virtio_mmio
INFO         |   androidboot.dalvik.vm.heapsize=512m
INFO         |   androidboot.debug.hwui.renderer=skiagl
INFO         |   androidboot.debug.sf.nobootanimation=1
INFO         |   androidboot.hardware=ranchu
INFO         |   androidboot.hardware.gltransport=pipe
INFO         |   androidboot.hardware.vulkan=ranchu
INFO         |   androidboot.logcat=*:V
INFO         |   androidboot.opengles.version=196608
INFO         |   androidboot.qemu=1
INFO         |   androidboot.qemu.adb.pubkey=QAAAACV40n1THHMroVp5gY5EcmXbPfiQBvDZ0/B8nu+UlsfMSSuMTtlSslijGx4QRfssQUJ6NETEqly3M853R46OkXx4gW2X8Ol1zj3sK4OwMM/lqd63aZ1PHsfFiquI3tfl52byPzX0+/zBenQR/BZI8RosrRfdqLGxfvRMXrdS8EblPDdwHnAev74hwAQ+Ewg7V1+5SC1/+vEqCYccwwt9qSotfmSV2Rpu8YtywNp+gx6MPKkd6wc1KU+tGje7g1LsJ0nNFAbk0brAVl5wIL9DuerudxUrpzVxaiwHFuR35tE0Iz8NBl+OxfPQ1F3p/I/q/qoCiygKWsh0C9z5WgRkvZxXifuv31h60MpW9+FH9L1uHNpyOOMUpSJywcn+81f1t10QibSFfkNfT9cYxxAQGI0Lg5tdYswQxB8H9vFs9he3AhHhPx0TpAiRXeXZBHUa82aa/B/orbl31ZVjLxYC/ibpx6GH0YWrJL3oxlI8i5wDgeorVk+BZUW5j8eNn51oLkmwWczL1w7oJ5Whps1uNRh1I4GbWP2oCth/ji7pVmG/OBUFDkcp1wo1ctOlcgFW+bQxWaV6+/pUJbEIQit3pvAZKiE/DqZfJ91cnQBgz7sHN/jjYQQBDHi5XBsnKQz8EC4lzN7AvuzAEwLDIOoRXcZDpJeHlrI0qaHqp/KpW3/iJqrIggEAAQA= bhuvan@unknown
INFO         |   androidboot.qemu.avd_name=Pixel_Light
INFO         |   androidboot.qemu.camera_hq_edge_processing=0
INFO         |   androidboot.qemu.camera_protocol_ver=1
INFO         |   androidboot.qemu.cpuvulkan.version=4202496
INFO         |   androidboot.qemu.gltransport.drawFlushInterval=800
INFO         |   androidboot.qemu.gltransport.name=pipe
INFO         |   androidboot.qemu.hwcodec.avcdec=2
INFO         |   androidboot.qemu.hwcodec.hevcdec=2
INFO         |   androidboot.qemu.hwcodec.vpxdec=2
INFO         |   androidboot.qemu.settings.system.screen_off_timeout=2147483647
INFO         |   androidboot.qemu.virtiowifi=1
INFO         |   androidboot.qemu.vsync=60
INFO         |   androidboot.serialno=EMULATOR36X3X10X0
INFO         |   androidboot.vbmeta.digest=7d083757a5e20cd0c568182e509f6d02da844505ce73ef80b2f1ada3f02ae18c
INFO         |   androidboot.vbmeta.hash_alg=sha256
INFO         |   androidboot.vbmeta.size=6656
INFO         |   androidboot.veritymode=enforcing
INFO         | Monitoring duration of emulator setup.
WARNING      | The emulator now requires a signed jwt token for gRPC access! Use the -grpc flag if you really want an open unprotected grpc port
INFO         | Using security allow list from: /opt/homebrew/share/android-commandlinetools/emulator/lib/emulator_access.json
WARNING      | *** Basic token auth should only be used by android-studio ***
INFO         | The active JSON Web Key Sets can be found here: /Users/bhuvan/Library/Caches/TemporaryItems/avd/running/15402/jwks/730ff450-d526-4718-8d71-5e7c3a9c762f/active.jwk
INFO         | Scanning /Users/bhuvan/Library/Caches/TemporaryItems/avd/running/15402/jwks/730ff450-d526-4718-8d71-5e7c3a9c762f for jwk keys.
INFO         | Started GRPC server at 127.0.0.1:8554, security: Local, auth: +token
INFO         | Advertising in: /Users/bhuvan/Library/Caches/TemporaryItems/avd/running/pid_15402.ini
INFO         | Setting display: 0 configuration to: 1080x2340, dpi: 440x440 
INFO         | setDisplayActiveConfig 0
ERROR        | Unable to connect to adb daemon on port: 5037
INFO         | Checking system compatibility:
INFO         |   Checking: hasSufficientDiskSpace
INFO         |      Ok: Disk space requirements to run avd: `Pixel_Light` are met
INFO         |   Checking: hasSufficientHwGpu
INFO         |      Ok: Hardware GPU requirements to run avd: `Pixel_Light` are passed
INFO         |   Checking: hasSufficientSystem
INFO         |      Ok: System requirements to run avd: `Pixel_Light` are met
INFO         | Warning: QMetaObject::connectSlotsByName: No matching signal for on_rgbcSensorValueWidget_valueChanged() (:0, )
INFO         | Warning: QMetaObject::connectSlotsByName: No matching signal for on_posture_valueChanged(int) (:0, )
INFO         | Loading snapshot 'default_boot'...
INFO         | AVD supportsNativeGLES=1, supportsGuestAngle=0
INFO         | Platform does not support Guest Angle
INFO         | Created extended window in 251.1ms
WARNING      | Client not connected yet. Ignoring message!
WARNING      | Client not connected yet. Ignoring message!
WARNING      | Client not connected yet. Ignoring message!
WARNING      | Unknown XR viewport mode requested: 0, ignored.

WARNING      | Client not connected yet. Ignoring message!
WARNING      | Client not connected yet. Ignoring message!
WARNING      | Client not connected yet. Ignoring message!
WARNING      | Client not connected yet. Ignoring message!
WARNING      | Client not connected yet. Ignoring message!
WARNING      | Client not connected yet. Ignoring message!
INFO         | Successfully loaded snapshot 'default_boot' using 961 ms
INFO         | Activated packet streamer for bluetooth emulation
INFO         | Warning: skipping QEventPoint(id=1 ts=0 pos=0,0 scn=143.076,941.824 gbl=143.076,941.824 Released ellipse=(1x1 ∡ 0) vel=0,0 press=-143.076,-941.824 last=-143.076,-941.824 Δ 143.076,941.824) : no target window (:0, )
INFO         | Warning: skipping QEventPoint(id=1 ts=0 pos=0,0 scn=443.704,569.156 gbl=443.704,569.156 Released ellipse=(1x1 ∡ 0) vel=0,0 press=-443.704,-569.156 last=-443.704,-569.156 Δ 443.704,569.156) : no target window (:0, )
INFO         | Warning: skipping QEventPoint(id=1 ts=0 pos=0,0 scn=365.41,837.01 gbl=365.41,837.01 Released ellipse=(1x1 ∡ 0) vel=0,0 press=-365.41,-837.01 last=-365.41,-837.01 Δ 365.41,837.01) : no target window (:0, )
INFO         | Warning: skipping QEventPoint(id=1 ts=0 pos=0,0 scn=299.29,632.368 gbl=299.29,632.368 Released ellipse=(1x1 ∡ 0) vel=0,0 press=-299.29,-632.368 last=-299.29,-632.368 Δ 299.29,632.368) : no target window (:0, )
INFO         | Warning: skipping QEventPoint(id=1 ts=0 pos=0,0 scn=267.069,506.255 gbl=267.069,506.255 Released ellipse=(1x1 ∡ 0) vel=0,0 press=-267.069,-506.255 last=-267.069,-506.255 Δ 267.069,506.255) : no target window (:0, )
INFO         | Warning: skipping QEventPoint(id=1 ts=0 pos=0,0 scn=292.81,623.643 gbl=292.81,623.643 Released ellipse=(1x1 ∡ 0) vel=0,0 press=-292.81,-623.643 last=-292.81,-623.643 Δ 292.81,623.643) : no target window (:0, )
INFO         | Warning: skipping QEventPoint(id=1 ts=0 pos=0,0 scn=212.987,715.86 gbl=212.987,715.86 Released ellipse=(1x1 ∡ 0) vel=0,0 press=-212.987,-715.86 last=-212.987,-715.86 Δ 212.987,715.86) : no target window (:0, )
INFO         | Warning: skipping QEventPoint(id=1 ts=0 pos=0,0 scn=272.886,261.473 gbl=272.886,261.473 Released ellipse=(1x1 ∡ 0) vel=0,0 press=-272.886,-261.473 last=-272.886,-261.473 Δ 272.886,261.473) : no target window (:0, )
INFO         | Warning: skipping QEventPoint(id=1 ts=0 pos=0,0 scn=339.796,343.763 gbl=339.796,343.763 Released ellipse=(1x1 ∡ 0) vel=0,0 press=-339.796,-343.763 last=-339.796,-343.763 Δ 339.796,343.763) : no target window (:0, )
INFO         | Warning: skipping QEventPoint(id=3 ts=0 pos=0,0 scn=164.353,341.048 gbl=164.353,341.048 Released ellipse=(1x1 ∡ 0) vel=0,0 press=-164.353,-341.048 last=-164.353,-341.048 Δ 164.353,341.048) : no target window (:0, )
INFO         | Warning: skipping QEventPoint(id=1 ts=0 pos=0,0 scn=248.585,797.645 gbl=248.585,797.645 Released ellipse=(1x1 ∡ 0) vel=0,0 press=-248.585,-797.645 last=-248.585,-797.645 Δ 248.585,797.645) : no target window (:0, )
INFO         | Warning: skipping QEventPoint(id=1 ts=0 pos=0,0 scn=335.225,437.142 gbl=335.225,437.142 Released ellipse=(1x1 ∡ 0) vel=0,0 press=-335.225,-437.142 last=-335.225,-437.142 Δ 335.225,437.142) : no target window (:0, )
INFO         | Warning: skipping QEventPoint(id=1 ts=0 pos=0,0 scn=229.642,317.433 gbl=229.642,317.433 Released ellipse=(1x1 ∡ 0) vel=0,0 press=-229.642,-317.433 last=-229.642,-317.433 Δ 229.642,317.433) : no target window (:0, )
[h264 @ 0x397a2ba00] no frame!
[h264 @ 0x397a2ba00] no frame!
INFO         | Warning: skipping QEventPoint(id=1 ts=0 pos=0,0 scn=338.117,597.271 gbl=338.117,597.271 Released ellipse=(1x1 ∡ 0) vel=0,0 press=-338.117,-597.271 last=-338.117,-597.271 Δ 338.117,597.271) : no target window (:0, )
INFO         | Warning: skipping QEventPoint(id=1 ts=0 pos=0,0 scn=445.656,566.944 gbl=445.656,566.944 Released ellipse=(1x1 ∡ 0) vel=0,0 press=-445.656,-566.944 last=-445.656,-566.944 Δ 445.656,566.944) : no target window (:0, )
INFO         | Created VkInstance:0x3b32ae000 for application:'Chromium' engine:''.
../../third_party/SwiftShader/src/Vulkan/VkPhysicalDevice.cpp:649 WARNING: UNSUPPORTED: curExtension->sType: 1000338000
../../third_party/SwiftShader/src/Vulkan/VkPhysicalDevice.cpp:649 WARNING: UNSUPPORTED: curExtension->sType: 1000437000
../../third_party/SwiftShader/src/Vulkan/VkPhysicalDevice.cpp:649 WARNING: UNSUPPORTED: curExtension->sType: 1000338000
../../third_party/SwiftShader/src/Vulkan/VkPhysicalDevice.cpp:649 WARNING: UNSUPPORTED: curExtension->sType: 1000437000
../../third_party/SwiftShader/src/Vulkan/VkPhysicalDevice.cpp:649 WARNING: UNSUPPORTED: curExtension->sType: 1000338000
../../third_party/SwiftShader/src/Vulkan/VkPhysicalDevice.cpp:649 WARNING: UNSUPPORTED: curExtension->sType: 1000437000
../../third_party/SwiftShader/src/Vulkan/VkPhysicalDevice.cpp:649 WARNING: UNSUPPORTED: curExtension->sType: 1000338000
../../third_party/SwiftShader/src/Vulkan/VkPhysicalDevice.cpp:649 WARNING: UNSUPPORTED: curExtension->sType: 1000437000
../../third_party/SwiftShader/src/Vulkan/VkPhysicalDevice.cpp:649 WARNING: UNSUPPORTED: curExtension->sType: 1000338000
../../third_party/SwiftShader/src/Vulkan/VkPhysicalDevice.cpp:649 WARNING: UNSUPPORTED: curExtension->sType: 1000437000
../../third_party/SwiftShader/src/Vulkan/VkPhysicalDevice.cpp:649 WARNING: UNSUPPORTED: curExtension->sType: 1000338000
../../third_party/SwiftShader/src/Vulkan/VkPhysicalDevice.cpp:649 WARNING: UNSUPPORTED: curExtension->sType: 1000437000
../../third_party/SwiftShader/src/Vulkan/VkPhysicalDevice.cpp:649 WARNING: UNSUPPORTED: curExtension->sType: 1000338000
../../third_party/SwiftShader/src/Vulkan/VkPhysicalDevice.cpp:649 WARNING: UNSUPPORTED: curExtension->sType: 1000437000
../../third_party/SwiftShader/src/Vulkan/VkPhysicalDevice.cpp:649 WARNING: UNSUPPORTED: curExtension->sType: 1000338000
../../third_party/SwiftShader/src/Vulkan/VkPhysicalDevice.cpp:649 WARNING: UNSUPPORTED: curExtension->sType: 1000437000
INFO         | Created VkDevice:0x4200e0010 for application:'Chromium' instance:0x3b32ae000. ASTC emulation:off CPU decoding:off.
../../third_party/SwiftShader/src/Vulkan/VkPhysicalDevice.cpp:649 WARNING: UNSUPPORTED: curExtension->sType: 1000338000
../../third_party/SwiftShader/src/Vulkan/VkPhysicalDevice.cpp:649 WARNING: UNSUPPORTED: curExtension->sType: 1000437000
../../third_party/SwiftShader/src/Vulkan/VkPhysicalDevice.cpp:649 WARNING: UNSUPPORTED: curExtension->sType: 1000338000
../../third_party/SwiftShader/src/Vulkan/VkPhysicalDevice.cpp:649 WARNING: UNSUPPORTED: curExtension->sType: 1000437000
../../third_party/SwiftShader/src/Vulkan/VkPhysicalDevice.cpp:649 WARNING: UNSUPPORTED: curExtension->sType: 1000338000
../../third_party/SwiftShader/src/Vulkan/VkPhysicalDevice.cpp:649 WARNING: UNSUPPORTED: curExtension->sType: 1000437000
../../third_party/SwiftShader/src/Vulkan/VkPhysicalDevice.cpp:649 WARNING: UNSUPPORTED: curExtension->sType: 1000338000
../../third_party/SwiftShader/src/Vulkan/VkPhysicalDevice.cpp:649 WARNING: UNSUPPORTED: curExtension->sType: 1000437000
../../third_party/SwiftShader/src/Vulkan/VkPhysicalDevice.cpp:649 WARNING: UNSUPPORTED: curExtension->sType: 1000338000
../../third_party/SwiftShader/src/Vulkan/VkPhysicalDevice.cpp:649 WARNING: UNSUPPORTED: curExtension->sType: 1000437000
../../third_party/SwiftShader/src/Vulkan/VkPhysicalDevice.cpp:649 WARNING: UNSUPPORTED: curExtension->sType: 1000338000
../../third_party/SwiftShader/src/Vulkan/VkPhysicalDevice.cpp:649 WARNING: UNSUPPORTED: curExtension->sType: 1000437000
../../third_party/SwiftShader/src/Vulkan/VkPhysicalDevice.cpp:649 WARNING: UNSUPPORTED: curExtension->sType: 1000338000
../../third_party/SwiftShader/src/Vulkan/VkPhysicalDevice.cpp:649 WARNING: UNSUPPORTED: curExtension->sType: 1000437000
../../third_party/SwiftShader/src/Vulkan/VkPhysicalDevice.cpp:649 WARNING: UNSUPPORTED: curExtension->sType: 1000338000
../../third_party/SwiftShader/src/Vulkan/VkPhysicalDevice.cpp:649 WARNING: UNSUPPORTED: curExtension->sType: 1000437000
INFO         | Destroyed VkDevice:0x4200e0010
INFO         | Destroyed VkInstance:0x3b32ae000 for application:'Chromium' engine:''.
INFO         | Created VkInstance:0x142755e00 for application:'Chromium' engine:''.
../../third_party/SwiftShader/src/Vulkan/VkPhysicalDevice.cpp:649 WARNING: UNSUPPORTED: curExtension->sType: 1000338000
../../third_party/SwiftShader/src/Vulkan/VkPhysicalDevice.cpp:649 WARNING: UNSUPPORTED: curExtension->sType: 1000437000
../../third_party/SwiftShader/src/Vulkan/VkPhysicalDevice.cpp:649 WARNING: UNSUPPORTED: curExtension->sType: 1000338000
../../third_party/SwiftShader/src/Vulkan/VkPhysicalDevice.cpp:649 WARNING: UNSUPPORTED: curExtension->sType: 1000437000
../../third_party/SwiftShader/src/Vulkan/VkPhysicalDevice.cpp:649 WARNING: UNSUPPORTED: curExtension->sType: 1000338000
../../third_party/SwiftShader/src/Vulkan/VkPhysicalDevice.cpp:649 WARNING: UNSUPPORTED: curExtension->sType: 1000437000
../../third_party/SwiftShader/src/Vulkan/VkPhysicalDevice.cpp:649 WARNING: UNSUPPORTED: curExtension->sType: 1000338000
../../third_party/SwiftShader/src/Vulkan/VkPhysicalDevice.cpp:649 WARNING: UNSUPPORTED: curExtension->sType: 1000437000
../../third_party/SwiftShader/src/Vulkan/VkPhysicalDevice.cpp:649 WARNING: UNSUPPORTED: curExtension->sType: 1000338000
../../third_party/SwiftShader/src/Vulkan/VkPhysicalDevice.cpp:649 WARNING: UNSUPPORTED: curExtension->sType: 1000437000
../../third_party/SwiftShader/src/Vulkan/VkPhysicalDevice.cpp:649 WARNING: UNSUPPORTED: curExtension->sType: 1000338000
../../third_party/SwiftShader/src/Vulkan/VkPhysicalDevice.cpp:649 WARNING: UNSUPPORTED: curExtension->sType: 1000437000
../../third_party/SwiftShader/src/Vulkan/VkPhysicalDevice.cpp:649 WARNING: UNSUPPORTED: curExtension->sType: 1000338000
../../third_party/SwiftShader/src/Vulkan/VkPhysicalDevice.cpp:649 WARNING: UNSUPPORTED: curExtension->sType: 1000437000
../../third_party/SwiftShader/src/Vulkan/VkPhysicalDevice.cpp:649 WARNING: UNSUPPORTED: curExtension->sType: 1000338000
../../third_party/SwiftShader/src/Vulkan/VkPhysicalDevice.cpp:649 WARNING: UNSUPPORTED: curExtension->sType: 1000437000
INFO         | Created VkDevice:0x4000f0010 for application:'Chromium' instance:0x142755e00. ASTC emulation:off CPU decoding:off.
../../third_party/SwiftShader/src/Vulkan/VkPhysicalDevice.cpp:649 WARNING: UNSUPPORTED: curExtension->sType: 1000338000
../../third_party/SwiftShader/src/Vulkan/VkPhysicalDevice.cpp:649 WARNING: UNSUPPORTED: curExtension->sType: 1000437000
../../third_party/SwiftShader/src/Vulkan/VkPhysicalDevice.cpp:649 WARNING: UNSUPPORTED: curExtension->sType: 1000338000
../../third_party/SwiftShader/src/Vulkan/VkPhysicalDevice.cpp:649 WARNING: UNSUPPORTED: curExtension->sType: 1000437000
../../third_party/SwiftShader/src/Vulkan/VkPhysicalDevice.cpp:649 WARNING: UNSUPPORTED: curExtension->sType: 1000338000
../../third_party/SwiftShader/src/Vulkan/VkPhysicalDevice.cpp:649 WARNING: UNSUPPORTED: curExtension->sType: 1000437000
../../third_party/SwiftShader/src/Vulkan/VkPhysicalDevice.cpp:649 WARNING: UNSUPPORTED: curExtension->sType: 1000338000
../../third_party/SwiftShader/src/Vulkan/VkPhysicalDevice.cpp:649 WARNING: UNSUPPORTED: curExtension->sType: 1000437000
../../third_party/SwiftShader/src/Vulkan/VkPhysicalDevice.cpp:649 WARNING: UNSUPPORTED: curExtension->sType: 1000338000
../../third_party/SwiftShader/src/Vulkan/VkPhysicalDevice.cpp:649 WARNING: UNSUPPORTED: curExtension->sType: 1000437000
../../third_party/SwiftShader/src/Vulkan/VkPhysicalDevice.cpp:649 WARNING: UNSUPPORTED: curExtension->sType: 1000338000
../../third_party/SwiftShader/src/Vulkan/VkPhysicalDevice.cpp:649 WARNING: UNSUPPORTED: curExtension->sType: 1000437000
../../third_party/SwiftShader/src/Vulkan/VkPhysicalDevice.cpp:649 WARNING: UNSUPPORTED: curExtension->sType: 1000338000
../../third_party/SwiftShader/src/Vulkan/VkPhysicalDevice.cpp:649 WARNING: UNSUPPORTED: curExtension->sType: 1000437000
../../third_party/SwiftShader/src/Vulkan/VkPhysicalDevice.cpp:649 WARNING: UNSUPPORTED: curExtension->sType: 1000338000
../../third_party/SwiftShader/src/Vulkan/VkPhysicalDevice.cpp:649 WARNING: UNSUPPORTED: curExtension->sType: 1000437000
INFO         | Destroyed VkDevice:0x4000f0010
INFO         | Destroyed VkInstance:0x142755e00 for application:'Chromium' engine:''.
INFO         | Created VkInstance:0x141d7ac00 for application:'Chromium' engine:''.
../../third_party/SwiftShader/src/Vulkan/VkPhysicalDevice.cpp:649 WARNING: UNSUPPORTED: curExtension->sType: 1000338000
../../third_party/SwiftShader/src/Vulkan/VkPhysicalDevice.cpp:649 WARNING: UNSUPPORTED: curExtension->sType: 1000437000
../../third_party/SwiftShader/src/Vulkan/VkPhysicalDevice.cpp:649 WARNING: UNSUPPORTED: curExtension->sType: 1000338000
../../third_party/SwiftShader/src/Vulkan/VkPhysicalDevice.cpp:649 WARNING: UNSUPPORTED: curExtension->sType: 1000437000
../../third_party/SwiftShader/src/Vulkan/VkPhysicalDevice.cpp:649 WARNING: UNSUPPORTED: curExtension->sType: 1000338000
../../third_party/SwiftShader/src/Vulkan/VkPhysicalDevice.cpp:649 WARNING: UNSUPPORTED: curExtension->sType: 1000437000
../../third_party/SwiftShader/src/Vulkan/VkPhysicalDevice.cpp:649 WARNING: UNSUPPORTED: curExtension->sType: 1000338000
../../third_party/SwiftShader/src/Vulkan/VkPhysicalDevice.cpp:649 WARNING: UNSUPPORTED: curExtension->sType: 1000437000
../../third_party/SwiftShader/src/Vulkan/VkPhysicalDevice.cpp:649 WARNING: UNSUPPORTED: curExtension->sType: 1000338000
../../third_party/SwiftShader/src/Vulkan/VkPhysicalDevice.cpp:649 WARNING: UNSUPPORTED: curExtension->sType: 1000437000
../../third_party/SwiftShader/src/Vulkan/VkPhysicalDevice.cpp:649 WARNING: UNSUPPORTED: curExtension->sType: 1000338000
../../third_party/SwiftShader/src/Vulkan/VkPhysicalDevice.cpp:649 WARNING: UNSUPPORTED: curExtension->sType: 1000437000
../../third_party/SwiftShader/src/Vulkan/VkPhysicalDevice.cpp:649 WARNING: UNSUPPORTED: curExtension->sType: 1000338000
../../third_party/SwiftShader/src/Vulkan/VkPhysicalDevice.cpp:649 WARNING: UNSUPPORTED: curExtension->sType: 1000437000
../../third_party/SwiftShader/src/Vulkan/VkPhysicalDevice.cpp:649 WARNING: UNSUPPORTED: curExtension->sType: 1000338000
../../third_party/SwiftShader/src/Vulkan/VkPhysicalDevice.cpp:649 WARNING: UNSUPPORTED: curExtension->sType: 1000437000
INFO         | Created VkDevice:0x4200f0010 for application:'Chromium' instance:0x141d7ac00. ASTC emulation:off CPU decoding:off.
../../third_party/SwiftShader/src/Vulkan/VkPhysicalDevice.cpp:649 WARNING: UNSUPPORTED: curExtension->sType: 1000338000
../../third_party/SwiftShader/src/Vulkan/VkPhysicalDevice.cpp:649 WARNING: UNSUPPORTED: curExtension->sType: 1000437000
../../third_party/SwiftShader/src/Vulkan/VkPhysicalDevice.cpp:649 WARNING: UNSUPPORTED: curExtension->sType: 1000338000
../../third_party/SwiftShader/src/Vulkan/VkPhysicalDevice.cpp:649 WARNING: UNSUPPORTED: curExtension->sType: 1000437000
../../third_party/SwiftShader/src/Vulkan/VkPhysicalDevice.cpp:649 WARNING: UNSUPPORTED: curExtension->sType: 1000338000
../../third_party/SwiftShader/src/Vulkan/VkPhysicalDevice.cpp:649 WARNING: UNSUPPORTED: curExtension->sType: 1000437000
../../third_party/SwiftShader/src/Vulkan/VkPhysicalDevice.cpp:649 WARNING: UNSUPPORTED: curExtension->sType: 1000338000
../../third_party/SwiftShader/src/Vulkan/VkPhysicalDevice.cpp:649 WARNING: UNSUPPORTED: curExtension->sType: 1000437000
../../third_party/SwiftShader/src/Vulkan/VkPhysicalDevice.cpp:649 WARNING: UNSUPPORTED: curExtension->sType: 1000338000
../../third_party/SwiftShader/src/Vulkan/VkPhysicalDevice.cpp:649 WARNING: UNSUPPORTED: curExtension->sType: 1000437000
../../third_party/SwiftShader/src/Vulkan/VkPhysicalDevice.cpp:649 WARNING: UNSUPPORTED: curExtension->sType: 1000338000
../../third_party/SwiftShader/src/Vulkan/VkPhysicalDevice.cpp:649 WARNING: UNSUPPORTED: curExtension->sType: 1000437000
../../third_party/SwiftShader/src/Vulkan/VkPhysicalDevice.cpp:649 WARNING: UNSUPPORTED: curExtension->sType: 1000338000
../../third_party/SwiftShader/src/Vulkan/VkPhysicalDevice.cpp:649 WARNING: UNSUPPORTED: curExtension->sType: 1000437000
../../third_party/SwiftShader/src/Vulkan/VkPhysicalDevice.cpp:649 WARNING: UNSUPPORTED: curExtension->sType: 1000338000
../../third_party/SwiftShader/src/Vulkan/VkPhysicalDevice.cpp:649 WARNING: UNSUPPORTED: curExtension->sType: 1000437000
INFO         | Destroyed VkDevice:0x4200f0010
INFO         | Destroyed VkInstance:0x141d7ac00 for application:'Chromium' engine:''.
INFO         | Created VkInstance:0x3b32fa200 for application:'Chromium' engine:''.
../../third_party/SwiftShader/src/Vulkan/VkPhysicalDevice.cpp:649 WARNING: UNSUPPORTED: curExtension->sType: 1000338000
../../third_party/SwiftShader/src/Vulkan/VkPhysicalDevice.cpp:649 WARNING: UNSUPPORTED: curExtension->sType: 1000437000
../../third_party/SwiftShader/src/Vulkan/VkPhysicalDevice.cpp:649 WARNING: UNSUPPORTED: curExtension->sType: 1000338000
../../third_party/SwiftShader/src/Vulkan/VkPhysicalDevice.cpp:649 WARNING: UNSUPPORTED: curExtension->sType: 1000437000
../../third_party/SwiftShader/src/Vulkan/VkPhysicalDevice.cpp:649 WARNING: UNSUPPORTED: curExtension->sType: 1000338000
../../third_party/SwiftShader/src/Vulkan/VkPhysicalDevice.cpp:649 WARNING: UNSUPPORTED: curExtension->sType: 1000437000
../../third_party/SwiftShader/src/Vulkan/VkPhysicalDevice.cpp:649 WARNING: UNSUPPORTED: curExtension->sType: 1000338000
../../third_party/SwiftShader/src/Vulkan/VkPhysicalDevice.cpp:649 WARNING: UNSUPPORTED: curExtension->sType: 1000437000
../../third_party/SwiftShader/src/Vulkan/VkPhysicalDevice.cpp:649 WARNING: UNSUPPORTED: curExtension->sType: 1000338000
../../third_party/SwiftShader/src/Vulkan/VkPhysicalDevice.cpp:649 WARNING: UNSUPPORTED: curExtension->sType: 1000437000
../../third_party/SwiftShader/src/Vulkan/VkPhysicalDevice.cpp:649 WARNING: UNSUPPORTED: curExtension->sType: 1000338000
../../third_party/SwiftShader/src/Vulkan/VkPhysicalDevice.cpp:649 WARNING: UNSUPPORTED: curExtension->sType: 1000437000
../../third_party/SwiftShader/src/Vulkan/VkPhysicalDevice.cpp:649 WARNING: UNSUPPORTED: curExtension->sType: 1000338000
../../third_party/SwiftShader/src/Vulkan/VkPhysicalDevice.cpp:649 WARNING: UNSUPPORTED: curExtension->sType: 1000437000
../../third_party/SwiftShader/src/Vulkan/VkPhysicalDevice.cpp:649 WARNING: UNSUPPORTED: curExtension->sType: 1000338000
../../third_party/SwiftShader/src/Vulkan/VkPhysicalDevice.cpp:649 WARNING: UNSUPPORTED: curExtension->sType: 1000437000
INFO         | Created VkDevice:0x4200f0010 for application:'Chromium' instance:0x3b32fa200. ASTC emulation:off CPU decoding:off.
../../third_party/SwiftShader/src/Vulkan/VkPhysicalDevice.cpp:649 WARNING: UNSUPPORTED: curExtension->sType: 1000338000
../../third_party/SwiftShader/src/Vulkan/VkPhysicalDevice.cpp:649 WARNING: UNSUPPORTED: curExtension->sType: 1000437000
../../third_party/SwiftShader/src/Vulkan/VkPhysicalDevice.cpp:649 WARNING: UNSUPPORTED: curExtension->sType: 1000338000
../../third_party/SwiftShader/src/Vulkan/VkPhysicalDevice.cpp:649 WARNING: UNSUPPORTED: curExtension->sType: 1000437000
../../third_party/SwiftShader/src/Vulkan/VkPhysicalDevice.cpp:649 WARNING: UNSUPPORTED: curExtension->sType: 1000338000
../../third_party/SwiftShader/src/Vulkan/VkPhysicalDevice.cpp:649 WARNING: UNSUPPORTED: curExtension->sType: 1000437000
../../third_party/SwiftShader/src/Vulkan/VkPhysicalDevice.cpp:649 WARNING: UNSUPPORTED: curExtension->sType: 1000338000
../../third_party/SwiftShader/src/Vulkan/VkPhysicalDevice.cpp:649 WARNING: UNSUPPORTED: curExtension->sType: 1000437000
../../third_party/SwiftShader/src/Vulkan/VkPhysicalDevice.cpp:649 WARNING: UNSUPPORTED: curExtension->sType: 1000338000
../../third_party/SwiftShader/src/Vulkan/VkPhysicalDevice.cpp:649 WARNING: UNSUPPORTED: curExtension->sType: 1000437000
../../third_party/SwiftShader/src/Vulkan/VkPhysicalDevice.cpp:649 WARNING: UNSUPPORTED: curExtension->sType: 1000338000
../../third_party/SwiftShader/src/Vulkan/VkPhysicalDevice.cpp:649 WARNING: UNSUPPORTED: curExtension->sType: 1000437000
../../third_party/SwiftShader/src/Vulkan/VkPhysicalDevice.cpp:649 WARNING: UNSUPPORTED: curExtension->sType: 1000338000
../../third_party/SwiftShader/src/Vulkan/VkPhysicalDevice.cpp:649 WARNING: UNSUPPORTED: curExtension->sType: 1000437000
../../third_party/SwiftShader/src/Vulkan/VkPhysicalDevice.cpp:649 WARNING: UNSUPPORTED: curExtension->sType: 1000338000
../../third_party/SwiftShader/src/Vulkan/VkPhysicalDevice.cpp:649 WARNING: UNSUPPORTED: curExtension->sType: 1000437000
INFO         | Destroyed VkDevice:0x4200f0010
INFO         | Destroyed VkInstance:0x3b32fa200 for application:'Chromium' engine:''.
INFO         | Created VkInstance:0x397c1ee00 for application:'Chromium' engine:''.
../../third_party/SwiftShader/src/Vulkan/VkPhysicalDevice.cpp:649 WARNING: UNSUPPORTED: curExtension->sType: 1000338000
../../third_party/SwiftShader/src/Vulkan/VkPhysicalDevice.cpp:649 WARNING: UNSUPPORTED: curExtension->sType: 1000437000
../../third_party/SwiftShader/src/Vulkan/VkPhysicalDevice.cpp:649 WARNING: UNSUPPORTED: curExtension->sType: 1000338000
../../third_party/SwiftShader/src/Vulkan/VkPhysicalDevice.cpp:649 WARNING: UNSUPPORTED: curExtension->sType: 1000437000
../../third_party/SwiftShader/src/Vulkan/VkPhysicalDevice.cpp:649 WARNING: UNSUPPORTED: curExtension->sType: 1000338000
../../third_party/SwiftShader/src/Vulkan/VkPhysicalDevice.cpp:649 WARNING: UNSUPPORTED: curExtension->sType: 1000437000
../../third_party/SwiftShader/src/Vulkan/VkPhysicalDevice.cpp:649 WARNING: UNSUPPORTED: curExtension->sType: 1000338000
../../third_party/SwiftShader/src/Vulkan/VkPhysicalDevice.cpp:649 WARNING: UNSUPPORTED: curExtension->sType: 1000437000
../../third_party/SwiftShader/src/Vulkan/VkPhysicalDevice.cpp:649 WARNING: UNSUPPORTED: curExtension->sType: 1000338000
../../third_party/SwiftShader/src/Vulkan/VkPhysicalDevice.cpp:649 WARNING: UNSUPPORTED: curExtension->sType: 1000437000
../../third_party/SwiftShader/src/Vulkan/VkPhysicalDevice.cpp:649 WARNING: UNSUPPORTED: curExtension->sType: 1000338000
../../third_party/SwiftShader/src/Vulkan/VkPhysicalDevice.cpp:649 WARNING: UNSUPPORTED: curExtension->sType: 1000437000
../../third_party/SwiftShader/src/Vulkan/VkPhysicalDevice.cpp:649 WARNING: UNSUPPORTED: curExtension->sType: 1000338000
../../third_party/SwiftShader/src/Vulkan/VkPhysicalDevice.cpp:649 WARNING: UNSUPPORTED: curExtension->sType: 1000437000
../../third_party/SwiftShader/src/Vulkan/VkPhysicalDevice.cpp:649 WARNING: UNSUPPORTED: curExtension->sType: 1000338000
../../third_party/SwiftShader/src/Vulkan/VkPhysicalDevice.cpp:649 WARNING: UNSUPPORTED: curExtension->sType: 1000437000
INFO         | Created VkDevice:0x418130010 for application:'Chromium' instance:0x397c1ee00. ASTC emulation:off CPU decoding:off.
../../third_party/SwiftShader/src/Vulkan/VkPhysicalDevice.cpp:649 WARNING: UNSUPPORTED: curExtension->sType: 1000338000
../../third_party/SwiftShader/src/Vulkan/VkPhysicalDevice.cpp:649 WARNING: UNSUPPORTED: curExtension->sType: 1000437000
../../third_party/SwiftShader/src/Vulkan/VkPhysicalDevice.cpp:649 WARNING: UNSUPPORTED: curExtension->sType: 1000338000
../../third_party/SwiftShader/src/Vulkan/VkPhysicalDevice.cpp:649 WARNING: UNSUPPORTED: curExtension->sType: 1000437000
../../third_party/SwiftShader/src/Vulkan/VkPhysicalDevice.cpp:649 WARNING: UNSUPPORTED: curExtension->sType: 1000338000
../../third_party/SwiftShader/src/Vulkan/VkPhysicalDevice.cpp:649 WARNING: UNSUPPORTED: curExtension->sType: 1000437000
../../third_party/SwiftShader/src/Vulkan/VkPhysicalDevice.cpp:649 WARNING: UNSUPPORTED: curExtension->sType: 1000338000
../../third_party/SwiftShader/src/Vulkan/VkPhysicalDevice.cpp:649 WARNING: UNSUPPORTED: curExtension->sType: 1000437000
../../third_party/SwiftShader/src/Vulkan/VkPhysicalDevice.cpp:649 WARNING: UNSUPPORTED: curExtension->sType: 1000338000
../../third_party/SwiftShader/src/Vulkan/VkPhysicalDevice.cpp:649 WARNING: UNSUPPORTED: curExtension->sType: 1000437000
../../third_party/SwiftShader/src/Vulkan/VkPhysicalDevice.cpp:649 WARNING: UNSUPPORTED: curExtension->sType: 1000338000
../../third_party/SwiftShader/src/Vulkan/VkPhysicalDevice.cpp:649 WARNING: UNSUPPORTED: curExtension->sType: 1000437000
../../third_party/SwiftShader/src/Vulkan/VkPhysicalDevice.cpp:649 WARNING: UNSUPPORTED: curExtension->sType: 1000338000
../../third_party/SwiftShader/src/Vulkan/VkPhysicalDevice.cpp:649 WARNING: UNSUPPORTED: curExtension->sType: 1000437000
../../third_party/SwiftShader/src/Vulkan/VkPhysicalDevice.cpp:649 WARNING: UNSUPPORTED: curExtension->sType: 1000338000
../../third_party/SwiftShader/src/Vulkan/VkPhysicalDevice.cpp:649 WARNING: UNSUPPORTED: curExtension->sType: 1000437000
INFO         | Destroyed VkDevice:0x418130010
INFO         | Destroyed VkInstance:0x397c1ee00 for application:'Chromium' engine:''.
INFO         | Created VkInstance:0x397c22200 for application:'Chromium' engine:''.
../../third_party/SwiftShader/src/Vulkan/VkPhysicalDevice.cpp:649 WARNING: UNSUPPORTED: curExtension->sType: 1000338000
../../third_party/SwiftShader/src/Vulkan/VkPhysicalDevice.cpp:649 WARNING: UNSUPPORTED: curExtension->sType: 1000437000
../../third_party/SwiftShader/src/Vulkan/VkPhysicalDevice.cpp:649 WARNING: UNSUPPORTED: curExtension->sType: 1000338000
../../third_party/SwiftShader/src/Vulkan/VkPhysicalDevice.cpp:649 WARNING: UNSUPPORTED: curExtension->sType: 1000437000
../../third_party/SwiftShader/src/Vulkan/VkPhysicalDevice.cpp:649 WARNING: UNSUPPORTED: curExtension->sType: 1000338000
../../third_party/SwiftShader/src/Vulkan/VkPhysicalDevice.cpp:649 WARNING: UNSUPPORTED: curExtension->sType: 1000437000
../../third_party/SwiftShader/src/Vulkan/VkPhysicalDevice.cpp:649 WARNING: UNSUPPORTED: curExtension->sType: 1000338000
../../third_party/SwiftShader/src/Vulkan/VkPhysicalDevice.cpp:649 WARNING: UNSUPPORTED: curExtension->sType: 1000437000
../../third_party/SwiftShader/src/Vulkan/VkPhysicalDevice.cpp:649 WARNING: UNSUPPORTED: curExtension->sType: 1000338000
../../third_party/SwiftShader/src/Vulkan/VkPhysicalDevice.cpp:649 WARNING: UNSUPPORTED: curExtension->sType: 1000437000
../../third_party/SwiftShader/src/Vulkan/VkPhysicalDevice.cpp:649 WARNING: UNSUPPORTED: curExtension->sType: 1000338000
../../third_party/SwiftShader/src/Vulkan/VkPhysicalDevice.cpp:649 WARNING: UNSUPPORTED: curExtension->sType: 1000437000
../../third_party/SwiftShader/src/Vulkan/VkPhysicalDevice.cpp:649 WARNING: UNSUPPORTED: curExtension->sType: 1000338000
../../third_party/SwiftShader/src/Vulkan/VkPhysicalDevice.cpp:649 WARNING: UNSUPPORTED: curExtension->sType: 1000437000
../../third_party/SwiftShader/src/Vulkan/VkPhysicalDevice.cpp:649 WARNING: UNSUPPORTED: curExtension->sType: 1000338000
../../third_party/SwiftShader/src/Vulkan/VkPhysicalDevice.cpp:649 WARNING: UNSUPPORTED: curExtension->sType: 1000437000
INFO         | Created VkDevice:0x3c8b98010 for application:'Chromium' instance:0x397c22200. ASTC emulation:off CPU decoding:off.
../../third_party/SwiftShader/src/Vulkan/VkPhysicalDevice.cpp:649 WARNING: UNSUPPORTED: curExtension->sType: 1000338000
../../third_party/SwiftShader/src/Vulkan/VkPhysicalDevice.cpp:649 WARNING: UNSUPPORTED: curExtension->sType: 1000437000
../../third_party/SwiftShader/src/Vulkan/VkPhysicalDevice.cpp:649 WARNING: UNSUPPORTED: curExtension->sType: 1000338000
../../third_party/SwiftShader/src/Vulkan/VkPhysicalDevice.cpp:649 WARNING: UNSUPPORTED: curExtension->sType: 1000437000
../../third_party/SwiftShader/src/Vulkan/VkPhysicalDevice.cpp:649 WARNING: UNSUPPORTED: curExtension->sType: 1000338000
../../third_party/SwiftShader/src/Vulkan/VkPhysicalDevice.cpp:649 WARNING: UNSUPPORTED: curExtension->sType: 1000437000
../../third_party/SwiftShader/src/Vulkan/VkPhysicalDevice.cpp:649 WARNING: UNSUPPORTED: curExtension->sType: 1000338000
../../third_party/SwiftShader/src/Vulkan/VkPhysicalDevice.cpp:649 WARNING: UNSUPPORTED: curExtension->sType: 1000437000
../../third_party/SwiftShader/src/Vulkan/VkPhysicalDevice.cpp:649 WARNING: UNSUPPORTED: curExtension->sType: 1000338000
../../third_party/SwiftShader/src/Vulkan/VkPhysicalDevice.cpp:649 WARNING: UNSUPPORTED: curExtension->sType: 1000437000
../../third_party/SwiftShader/src/Vulkan/VkPhysicalDevice.cpp:649 WARNING: UNSUPPORTED: curExtension->sType: 1000338000
../../third_party/SwiftShader/src/Vulkan/VkPhysicalDevice.cpp:649 WARNING: UNSUPPORTED: curExtension->sType: 1000437000
../../third_party/SwiftShader/src/Vulkan/VkPhysicalDevice.cpp:649 WARNING: UNSUPPORTED: curExtension->sType: 1000338000
../../third_party/SwiftShader/src/Vulkan/VkPhysicalDevice.cpp:649 WARNING: UNSUPPORTED: curExtension->sType: 1000437000
../../third_party/SwiftShader/src/Vulkan/VkPhysicalDevice.cpp:649 WARNING: UNSUPPORTED: curExtension->sType: 1000338000
../../third_party/SwiftShader/src/Vulkan/VkPhysicalDevice.cpp:649 WARNING: UNSUPPORTED: curExtension->sType: 1000437000
INFO         | Destroyed VkDevice:0x3c8b98010
INFO         | Destroyed VkInstance:0x397c22200 for application:'Chromium' engine:''.
